<?xml version="1.0" encoding="UTF-8"?>
<!-- Generated by org.testng.reporters.JUnitReportReporter -->
<testsuite hostname="DESKTOP-L6J6JG2" failures="0" tests="1" name="pack1.NewTest" time="6.512" errors="0" timestamp="2020-03-05T01:14:40 IST" skipped="0">
  <testcase classname="pack1.NewTest" name="testEasy" time="6.512"/>
</testsuite> <!-- pack1.NewTest -->
